<?xml version="1.0" encoding="UTF-8"?>
<!-- Generated by org.testng.reporters.JUnitReportReporter -->
<testsuite hostname="LAPTOP-4KFUHQH6" failures="0" tests="1" name="testscripts.LoginTest" time="6.315" errors="0" timestamp="2024-08-13T11:46:34 IST" skipped="0">
  <testcase classname="testscripts.LoginTest" name="verifyWhetherUserabletoLoginWithCorrectUserNamePwd" time="6.315"/>
  <system-out/>
</testsuite> <!-- testscripts.LoginTest -->
